-- Found ament_cmake: 0.8.3 (/opt/ros/eloquent/share/ament_cmake/cmake)
-- Found PythonInterp: /home/ybkim95/anaconda3/envs/LP/bin/python3 (found suitable version "3.6.13", minimum required is "3") 
-- Using PYTHON_EXECUTABLE: /home/ybkim95/anaconda3/envs/LP/bin/python3
-- Override CMake install command with custom implementation using symlinks instead of copying resources
-- Found rosidl_default_generators: 0.8.0 (/opt/ros/eloquent/share/rosidl_default_generators/cmake)
-- Found rosidl_adapter: 0.8.3 (/opt/ros/eloquent/share/rosidl_adapter/cmake)
-- Found sensor_msgs: 0.8.1 (/opt/ros/eloquent/share/sensor_msgs/cmake)
-- Found PythonInterp: /home/ybkim95/anaconda3/envs/LP/bin/python3 (found version "3.6.13") 
-- Using single matching rosidl_typesupport_c: rosidl_typesupport_fastrtps_c
-- Using single matching rosidl_typesupport_cpp: rosidl_typesupport_fastrtps_cpp
-- Found rmw_implementation_cmake: 0.8.1 (/opt/ros/eloquent/share/rmw_implementation_cmake/cmake)
-- Found PythonInterp: /home/ybkim95/anaconda3/envs/LP/bin/python3 (found suitable version "3.6.13", minimum required is "3.5") 
-- Found python_cmake_module: 0.8.0 (/opt/ros/eloquent/share/python_cmake_module/cmake)
-- Found PythonLibs: /home/ybkim95/anaconda3/envs/LP/lib/libpython3.6m.so (found suitable version "3.6.13", minimum required is "3.5") 
-- Using PYTHON_EXECUTABLE: /home/ybkim95/anaconda3/envs/LP/bin/python3
-- Using PYTHON_INCLUDE_DIRS: /home/ybkim95/anaconda3/envs/LP/include/python3.6m
-- Using PYTHON_LIBRARIES: /home/ybkim95/anaconda3/envs/LP/lib/libpython3.6m.so
-- Found PythonExtra: .so  
-- Using numpy include directory: /home/ybkim95/.local/lib/python3.6/site-packages/numpy/core/include
-- Found ament_lint_auto: 0.8.2 (/opt/ros/eloquent/share/ament_lint_auto/cmake)
-- Added test 'lint_cmake' to check CMake code style
-- Added test 'xmllint' to check XML markup files
-- Configuring done
-- Generating done
-- Build files have been written to: /home/ybkim95/PyRep/LanguagePolicies_clement/ros2/build/policy_translation
[35m[1mScanning dependencies of target policy_translation__cpp[0m
[  2%] [34m[1mGenerating C code for ROS interfaces[0m
[  4%] [34m[1mGenerating C++ code for ROS interfaces[0m
CMakeFiles/policy_translation__rosidl_generator_c.dir/build.make:165: recipe for target 'rosidl_generator_c/policy_translation/srv/network_pt.h' failed
CMakeFiles/Makefile2:291: recipe for target 'CMakeFiles/policy_translation__rosidl_generator_c.dir/all' failed
CMakeFiles/policy_translation__cpp.dir/build.make:170: recipe for target 'rosidl_generator_cpp/policy_translation/srv/network_pt.hpp' failed
CMakeFiles/Makefile2:328: recipe for target 'CMakeFiles/policy_translation__cpp.dir/all' failed
Makefile:140: recipe for target 'all' failed
