-- The C compiler identification is GNU 7.5.0
-- The CXX compiler identification is GNU 7.5.0
-- Check for working C compiler: /usr/bin/cc
-- Check for working C compiler: /usr/bin/cc -- works
-- Detecting C compiler ABI info
-- Detecting C compiler ABI info - done
-- Detecting C compile features
-- Detecting C compile features - done
-- Check for working CXX compiler: /usr/bin/c++
-- Check for working CXX compiler: /usr/bin/c++ -- works
-- Detecting CXX compiler ABI info
-- Detecting CXX compiler ABI info - done
-- Detecting CXX compile features
-- Detecting CXX compile features - done
-- Found ament_cmake: 0.8.3 (/opt/ros/eloquent/share/ament_cmake/cmake)
-- Found PythonInterp: /home/ybkim95/anaconda3/envs/LP/bin/python3 (found suitable version "3.6.13", minimum required is "3") 
-- Using PYTHON_EXECUTABLE: /home/ybkim95/anaconda3/envs/LP/bin/python3
-- Override CMake install command with custom implementation using symlinks instead of copying resources
-- Found rosidl_default_generators: 0.8.0 (/opt/ros/eloquent/share/rosidl_default_generators/cmake)
-- Found OpenSSL: /usr/lib/x86_64-linux-gnu/libcrypto.so (found version "1.1.1") 
-- Found FastRTPS: /opt/ros/eloquent/include  
-- Found rosidl_adapter: 0.8.3 (/opt/ros/eloquent/share/rosidl_adapter/cmake)
-- Found sensor_msgs: 0.8.1 (/opt/ros/eloquent/share/sensor_msgs/cmake)
-- Found PythonInterp: /home/ybkim95/anaconda3/envs/LP/bin/python3 (found version "3.6.13") 
-- Configuring incomplete, errors occurred!
See also "/home/ybkim95/PyRep/LanguagePolicies_clement/ros2/build/policy_translation/CMakeFiles/CMakeOutput.log".
