[0.010s] Invoking command in '/home/ybkim95/PyRep/LanguagePolicies_clement/ros2/build/policy_translation': CMAKE_PREFIX_PATH=/opt/ros/eloquent CONDA_PROMPT_MODIFIER=(LP) /usr/bin/cmake /home/ybkim95/PyRep/LanguagePolicies_clement/ros2/src/policy_translation -DAMENT_CMAKE_SYMLINK_INSTALL=1 -DCMAKE_INSTALL_PREFIX=/home/ybkim95/PyRep/LanguagePolicies_clement/ros2/install/policy_translation
[0.049s] -- The C compiler identification is GNU 7.5.0
[0.086s] -- The CXX compiler identification is GNU 7.5.0
[0.088s] -- Check for working C compiler: /usr/bin/cc
[0.148s] -- Check for working C compiler: /usr/bin/cc -- works
[0.148s] -- Detecting C compiler ABI info
[0.200s] -- Detecting C compiler ABI info - done
[0.203s] -- Detecting C compile features
[0.381s] -- Detecting C compile features - done
[0.383s] -- Check for working CXX compiler: /usr/bin/c++
[0.463s] -- Check for working CXX compiler: /usr/bin/c++ -- works
[0.463s] -- Detecting CXX compiler ABI info
[0.529s] -- Detecting CXX compiler ABI info - done
[0.533s] -- Detecting CXX compile features
[0.842s] -- Detecting CXX compile features - done
[0.844s] -- Found ament_cmake: 0.8.3 (/opt/ros/eloquent/share/ament_cmake/cmake)
[0.867s] -- Found PythonInterp: /home/ybkim95/anaconda3/envs/LP/bin/python3 (found suitable version "3.6.13", minimum required is "3") 
[0.867s] -- Using PYTHON_EXECUTABLE: /home/ybkim95/anaconda3/envs/LP/bin/python3
[1.013s] -- Override CMake install command with custom implementation using symlinks instead of copying resources
[1.027s] -- Found rosidl_default_generators: 0.8.0 (/opt/ros/eloquent/share/rosidl_default_generators/cmake)
[1.082s] -- Found OpenSSL: /usr/lib/x86_64-linux-gnu/libcrypto.so (found version "1.1.1") 
[1.097s] -- Found FastRTPS: /opt/ros/eloquent/include  
[1.108s] -- Found rosidl_adapter: 0.8.3 (/opt/ros/eloquent/share/rosidl_adapter/cmake)
[1.160s] -- Found sensor_msgs: 0.8.1 (/opt/ros/eloquent/share/sensor_msgs/cmake)
[1.202s] -- Found PythonInterp: /home/ybkim95/anaconda3/envs/LP/bin/python3 (found version "3.6.13") 
[1.298s] Traceback (most recent call last):
[1.298s]   File "/opt/ros/eloquent/share/ament_cmake_core/cmake/core/package_xml_2_cmake.py", line 21, in <module>
[1.298s]     from catkin_pkg.package import parse_package_string
[1.298s] ModuleNotFoundError: No module named 'catkin_pkg'
[1.300s] CMake Error at /opt/ros/eloquent/share/ament_cmake_core/cmake/core/ament_package_xml.cmake:94 (message):
[1.300s]   execute_process(/home/ybkim95/anaconda3/envs/LP/bin/python3
[1.300s]   /opt/ros/eloquent/share/ament_cmake_core/cmake/core/package_xml_2_cmake.py
[1.300s]   /home/ybkim95/PyRep/LanguagePolicies_clement/ros2/src/policy_translation/package.xml
[1.301s]   /home/ybkim95/PyRep/LanguagePolicies_clement/ros2/build/policy_translation/ament_cmake_core/package.cmake)
[1.301s]   returned error code 1
[1.301s] Call Stack (most recent call first):
[1.301s]   /opt/ros/eloquent/share/ament_cmake_core/cmake/core/ament_package_xml.cmake:49 (_ament_package_xml)
[1.301s]   /opt/ros/eloquent/share/rosidl_cmake/cmake/rosidl_generate_interfaces.cmake:226 (ament_package_xml)
[1.301s]   CMakeLists.txt:26 (rosidl_generate_interfaces)
[1.301s] 
[1.301s] 
[1.302s] -- Configuring incomplete, errors occurred!
[1.302s] See also "/home/ybkim95/PyRep/LanguagePolicies_clement/ros2/build/policy_translation/CMakeFiles/CMakeOutput.log".
[1.305s] Invoked command in '/home/ybkim95/PyRep/LanguagePolicies_clement/ros2/build/policy_translation' returned '1': CMAKE_PREFIX_PATH=/opt/ros/eloquent CONDA_PROMPT_MODIFIER=(LP) /usr/bin/cmake /home/ybkim95/PyRep/LanguagePolicies_clement/ros2/src/policy_translation -DAMENT_CMAKE_SYMLINK_INSTALL=1 -DCMAKE_INSTALL_PREFIX=/home/ybkim95/PyRep/LanguagePolicies_clement/ros2/install/policy_translation
