[0.011s] Invoking command in '/home/ybkim95/PyRep/LanguagePolicies_clement/ros2/build/policy_translation': CMAKE_PREFIX_PATH=/opt/ros/eloquent CONDA_PROMPT_MODIFIER=(LP) /usr/bin/cmake --build /home/ybkim95/PyRep/LanguagePolicies_clement/ros2/build/policy_translation -- -j12 -l12
[0.044s] [  2%] [34m[1mGenerating C code for ROS interfaces[0m
[0.052s] [  4%] [34m[1mGenerating C++ code for ROS interfaces[0m
[0.459s] [  4%] Built target policy_translation__cpp
[0.469s] [  8%] [34m[1mGenerating C++ introspection for ROS interfaces[0m
[0.469s] [  8%] [34m[1mGenerating C++ type support for eProsima Fast-RTPS[0m
[0.532s] [35m[1mScanning dependencies of target policy_translation__rosidl_generator_c[0m
[0.548s] [ 13%] [32mBuilding C object CMakeFiles/policy_translation__rosidl_generator_c.dir/rosidl_generator_c/policy_translation/srv/network_pt__functions.c.o[0m
[0.548s] [ 13%] [32mBuilding C object CMakeFiles/policy_translation__rosidl_generator_c.dir/rosidl_generator_c/policy_translation/srv/tune_network__functions.c.o[0m
[0.551s] [ 15%] [32mBuilding C object CMakeFiles/policy_translation__rosidl_generator_c.dir/rosidl_generator_c/policy_translation/msg/dummy__functions.c.o[0m
[0.592s] [ 17%] [32m[1mLinking C shared library libpolicy_translation__rosidl_generator_c.so[0m
[0.635s] [ 17%] Built target policy_translation__rosidl_generator_c
[0.646s] [ 20%] [34m[1mGenerating C introspection for ROS interfaces[0m
[0.888s] [35m[1mScanning dependencies of target policy_translation__rosidl_typesupport_introspection_cpp[0m
[0.909s] [ 24%] [32mBuilding CXX object CMakeFiles/policy_translation__rosidl_typesupport_introspection_cpp.dir/rosidl_typesupport_introspection_cpp/policy_translation/msg/dummy__type_support.cpp.o[0m
[0.909s] [ 24%] [32mBuilding CXX object CMakeFiles/policy_translation__rosidl_typesupport_introspection_cpp.dir/rosidl_typesupport_introspection_cpp/policy_translation/srv/network_pt__type_support.cpp.o[0m
[0.910s] [ 26%] [32mBuilding CXX object CMakeFiles/policy_translation__rosidl_typesupport_introspection_cpp.dir/rosidl_typesupport_introspection_cpp/policy_translation/srv/tune_network__type_support.cpp.o[0m
[0.950s] [35m[1mScanning dependencies of target policy_translation__rosidl_typesupport_fastrtps_cpp[0m
[0.983s] [ 28%] [32mBuilding CXX object CMakeFiles/policy_translation__rosidl_typesupport_fastrtps_cpp.dir/rosidl_typesupport_fastrtps_cpp/policy_translation/msg/dds_fastrtps/dummy__type_support.cpp.o[0m
[0.986s] [ 33%] [32mBuilding CXX object CMakeFiles/policy_translation__rosidl_typesupport_fastrtps_cpp.dir/rosidl_typesupport_fastrtps_cpp/policy_translation/srv/dds_fastrtps/tune_network__type_support.cpp.o[0m
[0.986s] [ 33%] [32mBuilding CXX object CMakeFiles/policy_translation__rosidl_typesupport_fastrtps_cpp.dir/rosidl_typesupport_fastrtps_cpp/policy_translation/srv/dds_fastrtps/network_pt__type_support.cpp.o[0m
[1.104s] [35m[1mScanning dependencies of target policy_translation__rosidl_typesupport_introspection_c[0m
[1.127s] [ 40%] [32mBuilding C object CMakeFiles/policy_translation__rosidl_typesupport_introspection_c.dir/rosidl_typesupport_introspection_c/policy_translation/srv/network_pt__type_support.c.o[0m
[1.127s] [ 40%] [32mBuilding C object CMakeFiles/policy_translation__rosidl_typesupport_introspection_c.dir/rosidl_typesupport_introspection_c/policy_translation/srv/tune_network__type_support.c.o[0m
[1.127s] [ 40%] [32mBuilding C object CMakeFiles/policy_translation__rosidl_typesupport_introspection_c.dir/rosidl_typesupport_introspection_c/policy_translation/msg/dummy__type_support.c.o[0m
[1.170s] [ 42%] [32m[1mLinking C shared library libpolicy_translation__rosidl_typesupport_introspection_c.so[0m
[1.212s] [ 42%] Built target policy_translation__rosidl_typesupport_introspection_c
[1.300s] [ 44%] [32m[1mLinking CXX shared library libpolicy_translation__rosidl_typesupport_introspection_cpp.so[0m
[1.375s] [ 44%] Built target policy_translation__rosidl_typesupport_introspection_cpp
[1.410s] [ 46%] [32m[1mLinking CXX shared library libpolicy_translation__rosidl_typesupport_fastrtps_cpp.so[0m
[1.482s] [ 46%] Built target policy_translation__rosidl_typesupport_fastrtps_cpp
[1.491s] [ 51%] [34m[1mGenerating C++ type support dispatch for ROS interfaces[0m
[1.491s] [ 51%] [34m[1mGenerating C type support for eProsima Fast-RTPS[0m
[1.852s] [35m[1mScanning dependencies of target policy_translation__rosidl_typesupport_cpp[0m
[1.873s] [ 57%] [32mBuilding CXX object CMakeFiles/policy_translation__rosidl_typesupport_cpp.dir/rosidl_typesupport_cpp/policy_translation/srv/tune_network__type_support.cpp.o[0m
[1.873s] [ 57%] [32mBuilding CXX object CMakeFiles/policy_translation__rosidl_typesupport_cpp.dir/rosidl_typesupport_cpp/policy_translation/msg/dummy__type_support.cpp.o[0m
[1.873s] [ 57%] [32mBuilding CXX object CMakeFiles/policy_translation__rosidl_typesupport_cpp.dir/rosidl_typesupport_cpp/policy_translation/srv/network_pt__type_support.cpp.o[0m
[1.940s] [35m[1mScanning dependencies of target policy_translation__rosidl_typesupport_fastrtps_c[0m
[1.963s] [ 62%] [32mBuilding CXX object CMakeFiles/policy_translation__rosidl_typesupport_fastrtps_c.dir/rosidl_typesupport_fastrtps_c/policy_translation/msg/dummy__type_support_c.cpp.o[0m
[1.963s] [ 62%] [32mBuilding CXX object CMakeFiles/policy_translation__rosidl_typesupport_fastrtps_c.dir/rosidl_typesupport_fastrtps_c/policy_translation/srv/tune_network__type_support_c.cpp.o[0m
[1.964s] [ 64%] [32mBuilding CXX object CMakeFiles/policy_translation__rosidl_typesupport_fastrtps_c.dir/rosidl_typesupport_fastrtps_c/policy_translation/srv/network_pt__type_support_c.cpp.o[0m
[2.176s] [ 66%] [32m[1mLinking CXX shared library libpolicy_translation__rosidl_typesupport_cpp.so[0m
[2.265s] [ 66%] Built target policy_translation__rosidl_typesupport_cpp
[2.268s] [ 68%] [32m[1mLinking CXX shared library libpolicy_translation__rosidl_typesupport_fastrtps_c.so[0m
[2.347s] [ 68%] Built target policy_translation__rosidl_typesupport_fastrtps_c
[2.356s] [ 71%] [34m[1mGenerating C type support dispatch for ROS interfaces[0m
[2.692s] [35m[1mScanning dependencies of target policy_translation__rosidl_typesupport_c[0m
[2.707s] [ 77%] [32mBuilding CXX object CMakeFiles/policy_translation__rosidl_typesupport_c.dir/rosidl_typesupport_c/policy_translation/srv/tune_network__type_support.cpp.o[0m
[2.707s] [ 77%] [32mBuilding CXX object CMakeFiles/policy_translation__rosidl_typesupport_c.dir/rosidl_typesupport_c/policy_translation/msg/dummy__type_support.cpp.o[0m
[2.707s] [ 77%] [32mBuilding CXX object CMakeFiles/policy_translation__rosidl_typesupport_c.dir/rosidl_typesupport_c/policy_translation/srv/network_pt__type_support.cpp.o[0m
[2.730s] [ 80%] [32m[1mLinking CXX shared library libpolicy_translation__rosidl_typesupport_c.so[0m
[2.786s] [ 80%] Built target policy_translation__rosidl_typesupport_c
[2.794s] [35m[1mScanning dependencies of target policy_translation[0m
[2.802s] [ 80%] Built target policy_translation
[2.810s] [35m[1mScanning dependencies of target policy_translation__py[0m
[2.819s] [ 82%] [34m[1mGenerating Python code for ROS interfaces[0m
[3.651s] [ 82%] Built target policy_translation__py
[3.659s] [35m[1mScanning dependencies of target policy_translation__python[0m
[3.690s] [ 86%] [32mBuilding C object CMakeFiles/policy_translation__python.dir/rosidl_generator_py/policy_translation/srv/_network_pt_s.c.o[0m
[3.690s] [ 86%] [32mBuilding C object CMakeFiles/policy_translation__python.dir/rosidl_generator_py/policy_translation/srv/_tune_network_s.c.o[0m
[3.690s] [ 88%] [32mBuilding C object CMakeFiles/policy_translation__python.dir/rosidl_generator_py/policy_translation/msg/_dummy_s.c.o[0m
[3.788s] [ 91%] [32m[1mLinking CXX shared library rosidl_generator_py/policy_translation/libpolicy_translation__python.so[0m
[3.851s] [ 91%] Built target policy_translation__python
[3.859s] [35m[1mScanning dependencies of target policy_translation__rosidl_typesupport_c__pyext[0m
[3.860s] [35m[1mScanning dependencies of target policy_translation__rosidl_typesupport_fastrtps_c__pyext[0m
[3.876s] [ 95%] [32mBuilding C object CMakeFiles/policy_translation__rosidl_typesupport_c__pyext.dir/rosidl_generator_py/policy_translation/_policy_translation_s.ep.rosidl_typesupport_c.c.o[0m
[3.877s] [ 95%] [32mBuilding C object CMakeFiles/policy_translation__rosidl_typesupport_fastrtps_c__pyext.dir/rosidl_generator_py/policy_translation/_policy_translation_s.ep.rosidl_typesupport_fastrtps_c.c.o[0m
[3.947s] [100%] [32m[1mLinking CXX shared library rosidl_generator_py/policy_translation/policy_translation_s__rosidl_typesupport_fastrtps_c.cpython-36m-x86_64-linux-gnu.so[0m
[3.947s] [100%] [32m[1mLinking CXX shared library rosidl_generator_py/policy_translation/policy_translation_s__rosidl_typesupport_c.cpython-36m-x86_64-linux-gnu.so[0m
[4.030s] [100%] Built target policy_translation__rosidl_typesupport_fastrtps_c__pyext
[4.031s] [100%] Built target policy_translation__rosidl_typesupport_c__pyext
[4.040s] Invoked command in '/home/ybkim95/PyRep/LanguagePolicies_clement/ros2/build/policy_translation' returned '0': CMAKE_PREFIX_PATH=/opt/ros/eloquent CONDA_PROMPT_MODIFIER=(LP) /usr/bin/cmake --build /home/ybkim95/PyRep/LanguagePolicies_clement/ros2/build/policy_translation -- -j12 -l12
[4.107s] Invoking command in '/home/ybkim95/PyRep/LanguagePolicies_clement/ros2/build/policy_translation': CMAKE_PREFIX_PATH=/opt/ros/eloquent CONDA_PROMPT_MODIFIER=(LP) /usr/bin/cmake --build /home/ybkim95/PyRep/LanguagePolicies_clement/ros2/build/policy_translation --target install -- -j12 -l12
[4.165s] [  2%] Built target policy_translation__cpp
[4.168s] [ 13%] Built target policy_translation__rosidl_generator_c
[4.198s] [ 24%] Built target policy_translation__rosidl_typesupport_introspection_c
[4.198s] [ 35%] Built target policy_translation__rosidl_typesupport_introspection_cpp
[4.202s] [ 46%] Built target policy_translation__rosidl_typesupport_fastrtps_cpp
[4.232s] [ 64%] Built target policy_translation__rosidl_typesupport_cpp
[4.232s] [ 68%] Built target policy_translation__rosidl_typesupport_fastrtps_c
[4.254s] [ 80%] Built target policy_translation__rosidl_typesupport_c
[4.270s] [ 80%] Built target policy_translation
[4.287s] [ 82%] Built target policy_translation__py
[4.311s] [ 91%] Built target policy_translation__python
[4.334s] [ 95%] Built target policy_translation__rosidl_typesupport_fastrtps_c__pyext
[4.334s] [100%] Built target policy_translation__rosidl_typesupport_c__pyext
[4.350s] [36mInstall the project...[0m
[4.357s] -- Install configuration: ""
[4.357s] -- Execute custom install script
[4.360s] -- Symlinking: /home/ybkim95/PyRep/LanguagePolicies_clement/ros2/install/policy_translation/share/ament_index/resource_index/rosidl_interfaces/policy_translation
[4.368s] -- Symlinking: /home/ybkim95/PyRep/LanguagePolicies_clement/ros2/install/policy_translation/lib/libpolicy_translation__rosidl_typesupport_c.so
[4.375s] -- Symlinking: /home/ybkim95/PyRep/LanguagePolicies_clement/ros2/install/policy_translation/share/policy_translation/environment/library_path.sh
[4.382s] -- Symlinking: /home/ybkim95/PyRep/LanguagePolicies_clement/ros2/install/policy_translation/share/policy_translation/environment/library_path.dsv
[4.389s] -- Symlinking: /home/ybkim95/PyRep/LanguagePolicies_clement/ros2/install/policy_translation/lib/libpolicy_translation__rosidl_typesupport_cpp.so
[4.396s] -- Symlinking: /home/ybkim95/PyRep/LanguagePolicies_clement/ros2/install/policy_translation/include/policy_translation/msg/dummy__rosidl_typesupport_fastrtps_c.h
[4.403s] -- Symlinking: /home/ybkim95/PyRep/LanguagePolicies_clement/ros2/install/policy_translation/include/policy_translation/msg/rosidl_typesupport_fastrtps_c__visibility_control.h
[4.409s] -- Symlinking: /home/ybkim95/PyRep/LanguagePolicies_clement/ros2/install/policy_translation/include/policy_translation/srv/network_pt__rosidl_typesupport_fastrtps_c.h
[4.415s] -- Symlinking: /home/ybkim95/PyRep/LanguagePolicies_clement/ros2/install/policy_translation/include/policy_translation/srv/tune_network__rosidl_typesupport_fastrtps_c.h
[4.422s] -- Symlinking: /home/ybkim95/PyRep/LanguagePolicies_clement/ros2/install/policy_translation/lib/libpolicy_translation__rosidl_typesupport_fastrtps_c.so
[4.429s] -- Symlinking: /home/ybkim95/PyRep/LanguagePolicies_clement/ros2/install/policy_translation/include/policy_translation/msg/dummy.h
[4.436s] -- Symlinking: /home/ybkim95/PyRep/LanguagePolicies_clement/ros2/install/policy_translation/include/policy_translation/msg/dummy__functions.h
[4.443s] -- Symlinking: /home/ybkim95/PyRep/LanguagePolicies_clement/ros2/install/policy_translation/include/policy_translation/msg/dummy__struct.h
[4.450s] -- Symlinking: /home/ybkim95/PyRep/LanguagePolicies_clement/ros2/install/policy_translation/include/policy_translation/msg/dummy__type_support.h
[4.456s] -- Symlinking: /home/ybkim95/PyRep/LanguagePolicies_clement/ros2/install/policy_translation/include/policy_translation/msg/rosidl_generator_c__visibility_control.h
[4.463s] -- Symlinking: /home/ybkim95/PyRep/LanguagePolicies_clement/ros2/install/policy_translation/include/policy_translation/srv/network_pt.h
[4.470s] -- Symlinking: /home/ybkim95/PyRep/LanguagePolicies_clement/ros2/install/policy_translation/include/policy_translation/srv/network_pt__functions.h
[4.476s] -- Symlinking: /home/ybkim95/PyRep/LanguagePolicies_clement/ros2/install/policy_translation/include/policy_translation/srv/network_pt__struct.h
[4.483s] -- Symlinking: /home/ybkim95/PyRep/LanguagePolicies_clement/ros2/install/policy_translation/include/policy_translation/srv/network_pt__type_support.h
[4.490s] -- Symlinking: /home/ybkim95/PyRep/LanguagePolicies_clement/ros2/install/policy_translation/include/policy_translation/srv/tune_network.h
[4.497s] -- Symlinking: /home/ybkim95/PyRep/LanguagePolicies_clement/ros2/install/policy_translation/include/policy_translation/srv/tune_network__functions.h
[4.504s] -- Symlinking: /home/ybkim95/PyRep/LanguagePolicies_clement/ros2/install/policy_translation/include/policy_translation/srv/tune_network__struct.h
[4.511s] -- Symlinking: /home/ybkim95/PyRep/LanguagePolicies_clement/ros2/install/policy_translation/include/policy_translation/srv/tune_network__type_support.h
[4.518s] -- Symlinking: /home/ybkim95/PyRep/LanguagePolicies_clement/ros2/install/policy_translation/lib/libpolicy_translation__rosidl_generator_c.so
[4.526s] -- Symlinking: /home/ybkim95/PyRep/LanguagePolicies_clement/ros2/install/policy_translation/include/policy_translation/msg/dummy__rosidl_typesupport_fastrtps_cpp.hpp
[4.532s] -- Symlinking: /home/ybkim95/PyRep/LanguagePolicies_clement/ros2/install/policy_translation/include/policy_translation/msg/rosidl_typesupport_fastrtps_cpp__visibility_control.h
[4.540s] -- Symlinking: /home/ybkim95/PyRep/LanguagePolicies_clement/ros2/install/policy_translation/include/policy_translation/srv/network_pt__rosidl_typesupport_fastrtps_cpp.hpp
[4.546s] -- Symlinking: /home/ybkim95/PyRep/LanguagePolicies_clement/ros2/install/policy_translation/include/policy_translation/srv/tune_network__rosidl_typesupport_fastrtps_cpp.hpp
[4.553s] -- Symlinking: /home/ybkim95/PyRep/LanguagePolicies_clement/ros2/install/policy_translation/lib/libpolicy_translation__rosidl_typesupport_fastrtps_cpp.so
[4.560s] -- Symlinking: /home/ybkim95/PyRep/LanguagePolicies_clement/ros2/install/policy_translation/include/policy_translation/msg/dummy.hpp
[4.566s] -- Symlinking: /home/ybkim95/PyRep/LanguagePolicies_clement/ros2/install/policy_translation/include/policy_translation/msg/dummy__struct.hpp
[4.573s] -- Symlinking: /home/ybkim95/PyRep/LanguagePolicies_clement/ros2/install/policy_translation/include/policy_translation/msg/dummy__traits.hpp
[4.579s] -- Symlinking: /home/ybkim95/PyRep/LanguagePolicies_clement/ros2/install/policy_translation/include/policy_translation/srv/network_pt.hpp
[4.585s] -- Symlinking: /home/ybkim95/PyRep/LanguagePolicies_clement/ros2/install/policy_translation/include/policy_translation/srv/network_pt__struct.hpp
[4.592s] -- Symlinking: /home/ybkim95/PyRep/LanguagePolicies_clement/ros2/install/policy_translation/include/policy_translation/srv/network_pt__traits.hpp
[4.599s] -- Symlinking: /home/ybkim95/PyRep/LanguagePolicies_clement/ros2/install/policy_translation/include/policy_translation/srv/tune_network.hpp
[4.605s] -- Symlinking: /home/ybkim95/PyRep/LanguagePolicies_clement/ros2/install/policy_translation/include/policy_translation/srv/tune_network__struct.hpp
[4.611s] -- Symlinking: /home/ybkim95/PyRep/LanguagePolicies_clement/ros2/install/policy_translation/include/policy_translation/srv/tune_network__traits.hpp
[4.618s] -- Symlinking: /home/ybkim95/PyRep/LanguagePolicies_clement/ros2/install/policy_translation/include/policy_translation/msg/dummy__rosidl_typesupport_introspection_c.h
[4.625s] -- Symlinking: /home/ybkim95/PyRep/LanguagePolicies_clement/ros2/install/policy_translation/include/policy_translation/msg/rosidl_typesupport_introspection_c__visibility_control.h
[4.632s] -- Symlinking: /home/ybkim95/PyRep/LanguagePolicies_clement/ros2/install/policy_translation/include/policy_translation/srv/network_pt__rosidl_typesupport_introspection_c.h
[4.639s] -- Symlinking: /home/ybkim95/PyRep/LanguagePolicies_clement/ros2/install/policy_translation/include/policy_translation/srv/tune_network__rosidl_typesupport_introspection_c.h
[4.646s] -- Symlinking: /home/ybkim95/PyRep/LanguagePolicies_clement/ros2/install/policy_translation/lib/libpolicy_translation__rosidl_typesupport_introspection_c.so
[4.653s] -- Symlinking: /home/ybkim95/PyRep/LanguagePolicies_clement/ros2/install/policy_translation/include/policy_translation/msg/dummy__rosidl_typesupport_introspection_cpp.hpp
[4.660s] -- Symlinking: /home/ybkim95/PyRep/LanguagePolicies_clement/ros2/install/policy_translation/include/policy_translation/srv/network_pt__rosidl_typesupport_introspection_cpp.hpp
[4.667s] -- Symlinking: /home/ybkim95/PyRep/LanguagePolicies_clement/ros2/install/policy_translation/include/policy_translation/srv/tune_network__rosidl_typesupport_introspection_cpp.hpp
[4.674s] -- Symlinking: /home/ybkim95/PyRep/LanguagePolicies_clement/ros2/install/policy_translation/lib/libpolicy_translation__rosidl_typesupport_introspection_cpp.so
[4.681s] -- Symlinking: /home/ybkim95/PyRep/LanguagePolicies_clement/ros2/install/policy_translation/share/policy_translation/environment/pythonpath.sh
[4.688s] -- Symlinking: /home/ybkim95/PyRep/LanguagePolicies_clement/ros2/install/policy_translation/share/policy_translation/environment/pythonpath.dsv
[4.695s] -- Symlinking: /home/ybkim95/PyRep/LanguagePolicies_clement/ros2/install/policy_translation/lib/python3.6/site-packages/policy_translation/__init__.py
[4.702s] -- Symlinking: /home/ybkim95/PyRep/LanguagePolicies_clement/ros2/install/policy_translation/lib/python3.6/site-packages/policy_translation/srv/__init__.py
[4.708s] -- Symlinking: /home/ybkim95/PyRep/LanguagePolicies_clement/ros2/install/policy_translation/lib/python3.6/site-packages/policy_translation/srv/_network_pt.py
[4.715s] -- Symlinking: /home/ybkim95/PyRep/LanguagePolicies_clement/ros2/install/policy_translation/lib/python3.6/site-packages/policy_translation/srv/_tune_network.py
[4.722s] -- Symlinking: /home/ybkim95/PyRep/LanguagePolicies_clement/ros2/install/policy_translation/lib/python3.6/site-packages/policy_translation/msg/__init__.py
[4.729s] -- Symlinking: /home/ybkim95/PyRep/LanguagePolicies_clement/ros2/install/policy_translation/lib/python3.6/site-packages/policy_translation/msg/_dummy.py
[4.736s] -- Symlinking: /home/ybkim95/PyRep/LanguagePolicies_clement/ros2/install/policy_translation/lib/python3.6/site-packages/policy_translation/policy_translation_s__rosidl_typesupport_c.cpython-36m-x86_64-linux-gnu.so
[4.744s] -- Symlinking: /home/ybkim95/PyRep/LanguagePolicies_clement/ros2/install/policy_translation/lib/python3.6/site-packages/policy_translation/policy_translation_s__rosidl_typesupport_fastrtps_c.cpython-36m-x86_64-linux-gnu.so
[4.751s] -- Symlinking: /home/ybkim95/PyRep/LanguagePolicies_clement/ros2/install/policy_translation/lib/libpolicy_translation__python.so
[4.758s] -- Symlinking: /home/ybkim95/PyRep/LanguagePolicies_clement/ros2/install/policy_translation/share/policy_translation/srv/NetworkPT.idl
[4.765s] -- Symlinking: /home/ybkim95/PyRep/LanguagePolicies_clement/ros2/install/policy_translation/share/policy_translation/srv/TuneNetwork.idl
[4.772s] -- Symlinking: /home/ybkim95/PyRep/LanguagePolicies_clement/ros2/install/policy_translation/share/policy_translation/msg/Dummy.idl
[4.779s] -- Symlinking: /home/ybkim95/PyRep/LanguagePolicies_clement/ros2/install/policy_translation/share/policy_translation/srv/NetworkPT.srv
[4.785s] -- Symlinking: /home/ybkim95/PyRep/LanguagePolicies_clement/ros2/install/policy_translation/share/policy_translation/srv/NetworkPT_Request.msg
[4.792s] -- Symlinking: /home/ybkim95/PyRep/LanguagePolicies_clement/ros2/install/policy_translation/share/policy_translation/srv/NetworkPT_Response.msg
[4.799s] -- Symlinking: /home/ybkim95/PyRep/LanguagePolicies_clement/ros2/install/policy_translation/share/policy_translation/srv/TuneNetwork.srv
[4.806s] -- Symlinking: /home/ybkim95/PyRep/LanguagePolicies_clement/ros2/install/policy_translation/share/policy_translation/srv/TuneNetwork_Request.msg
[4.813s] -- Symlinking: /home/ybkim95/PyRep/LanguagePolicies_clement/ros2/install/policy_translation/share/policy_translation/srv/TuneNetwork_Response.msg
[4.820s] -- Symlinking: /home/ybkim95/PyRep/LanguagePolicies_clement/ros2/install/policy_translation/share/policy_translation/msg/Dummy.msg
[4.827s] -- Symlinking: /home/ybkim95/PyRep/LanguagePolicies_clement/ros2/install/policy_translation/share/ament_index/resource_index/package_run_dependencies/policy_translation
[4.834s] -- Symlinking: /home/ybkim95/PyRep/LanguagePolicies_clement/ros2/install/policy_translation/share/ament_index/resource_index/parent_prefix_path/policy_translation
[4.841s] -- Symlinking: /home/ybkim95/PyRep/LanguagePolicies_clement/ros2/install/policy_translation/share/policy_translation/environment/ament_prefix_path.sh
[4.848s] -- Symlinking: /home/ybkim95/PyRep/LanguagePolicies_clement/ros2/install/policy_translation/share/policy_translation/environment/ament_prefix_path.dsv
[4.855s] -- Symlinking: /home/ybkim95/PyRep/LanguagePolicies_clement/ros2/install/policy_translation/share/policy_translation/environment/path.sh
[4.863s] -- Symlinking: /home/ybkim95/PyRep/LanguagePolicies_clement/ros2/install/policy_translation/share/policy_translation/environment/path.dsv
[4.869s] -- Symlinking: /home/ybkim95/PyRep/LanguagePolicies_clement/ros2/install/policy_translation/share/policy_translation/local_setup.bash
[4.876s] -- Symlinking: /home/ybkim95/PyRep/LanguagePolicies_clement/ros2/install/policy_translation/share/policy_translation/local_setup.sh
[4.883s] -- Symlinking: /home/ybkim95/PyRep/LanguagePolicies_clement/ros2/install/policy_translation/share/policy_translation/local_setup.zsh
[4.890s] -- Symlinking: /home/ybkim95/PyRep/LanguagePolicies_clement/ros2/install/policy_translation/share/policy_translation/local_setup.dsv
[4.897s] -- Symlinking: /home/ybkim95/PyRep/LanguagePolicies_clement/ros2/install/policy_translation/share/policy_translation/package.dsv
[4.905s] -- Symlinking: /home/ybkim95/PyRep/LanguagePolicies_clement/ros2/install/policy_translation/share/ament_index/resource_index/packages/policy_translation
[4.911s] -- Symlinking: /home/ybkim95/PyRep/LanguagePolicies_clement/ros2/install/policy_translation/share/policy_translation/cmake/rosidl_cmake-extras.cmake
[4.919s] -- Symlinking: /home/ybkim95/PyRep/LanguagePolicies_clement/ros2/install/policy_translation/share/policy_translation/cmake/ament_cmake_export_dependencies-extras.cmake
[4.926s] -- Symlinking: /home/ybkim95/PyRep/LanguagePolicies_clement/ros2/install/policy_translation/share/policy_translation/cmake/ament_cmake_export_libraries-extras.cmake
[4.933s] -- Symlinking: /home/ybkim95/PyRep/LanguagePolicies_clement/ros2/install/policy_translation/share/policy_translation/cmake/ament_cmake_export_include_directories-extras.cmake
[4.940s] -- Symlinking: /home/ybkim95/PyRep/LanguagePolicies_clement/ros2/install/policy_translation/share/policy_translation/cmake/policy_translationConfig.cmake
[4.947s] -- Symlinking: /home/ybkim95/PyRep/LanguagePolicies_clement/ros2/install/policy_translation/share/policy_translation/cmake/policy_translationConfig-version.cmake
[4.954s] -- Symlinking: /home/ybkim95/PyRep/LanguagePolicies_clement/ros2/install/policy_translation/share/policy_translation/package.xml
[4.988s] Compiling '/home/ybkim95/PyRep/LanguagePolicies_clement/ros2/install/policy_translation/lib/python3.6/site-packages/policy_translation/__init__.py'...
[4.993s] Invoked command in '/home/ybkim95/PyRep/LanguagePolicies_clement/ros2/build/policy_translation' returned '0': CMAKE_PREFIX_PATH=/opt/ros/eloquent CONDA_PROMPT_MODIFIER=(LP) /usr/bin/cmake --build /home/ybkim95/PyRep/LanguagePolicies_clement/ros2/build/policy_translation --target install -- -j12 -l12
